server/server/build/outputs/mapping/release/seeds.txt
com.google.protobuf.GeneratedMessageV3: GeneratedMessageV3(com.google.protobuf.GeneratedMessageV3$Builder)
com.google.protobuf.GeneratedMessageV3: java.lang.reflect.Method getMethodOrDie(java.lang.Class,java.lang.String,java.lang.Class[])
fi.iki.elonen.NanoHTTPD: fi.iki.elonen.NanoHTTPD$TempFileManagerFactory getTempFileManagerFactory()
com.google.protobuf.DescriptorProtos$EnumValueDescriptorProto$Builder: DescriptorProtos$EnumValueDescriptorProto$Builder()
io.liriliri.aya.Wire$Response$Builder: com.google.protobuf.Message$Builder mergeFrom(com.google.protobuf.CodedInputStream,com.google.protobuf.ExtensionRegistryLite)
io.liriliri.aya.Wire$Request$Builder: Wire$Request$Builder(com.google.protobuf.GeneratedMessageV3$BuilderParent)
io.liriliri.aya.Wire$Response$Builder: com.google.protobuf.Descriptors$Descriptor getDescriptorForType()
com.google.protobuf.GeneratedMessageV3: java.lang.reflect.Method access$1000(java.lang.Class,java.lang.String,java.lang.Class[])
io.liriliri.aya.Wire$Request$Builder: io.liriliri.aya.Wire$Request$Builder mergeFrom(com.google.protobuf.CodedInputStream,com.google.protobuf.ExtensionRegistryLite)
com.google.protobuf.Writer$FieldOrder: com.google.protobuf.Writer$FieldOrder valueOf(java.lang.String)
com.google.protobuf.AbstractMessage$Builder: com.google.protobuf.AbstractMessage$Builder mergeFrom(byte[],int,int,com.google.protobuf.ExtensionRegistryLite)
io.liriliri.aya.Wire$Response$Builder: Wire$Response$Builder()
io.liriliri.aya.Wire$Request: io.liriliri.aya.Wire$Request getDefaultInstanceForType()
com.google.protobuf.Descriptors$GenericDescriptor: Descriptors$GenericDescriptor()
com.google.protobuf.GeneratedMessageV3: com.google.protobuf.Message$Builder newBuilderForType(com.google.protobuf.GeneratedMessageV3$BuilderParent)
com.google.protobuf.AbstractMessage$Builder: com.google.protobuf.AbstractMessage$Builder mergeFrom(com.google.protobuf.ByteString,com.google.protobuf.ExtensionRegistryLite)
com.google.protobuf.GeneratedMessageV3: boolean isInitialized()
com.google.protobuf.GeneratedMessageV3$Builder: boolean isInitialized()
fi.iki.elonen.NanoHTTPD: java.util.Map decodeParameters(java.util.Map)
io.liriliri.aya.Wire$Response$1: Wire$Response$1()
com.google.protobuf.AbstractParser: com.google.protobuf.MessageLite parsePartialFrom(com.google.protobuf.ByteString,com.google.protobuf.ExtensionRegistryLite)
com.google.protobuf.DescriptorProtos$FieldDescriptorProto: DescriptorProtos$FieldDescriptorProto()
io.liriliri.aya.Wire$Request: com.google.protobuf.ByteString getParamsBytes()
com.google.protobuf.AbstractMessage: int hashBoolean(boolean)
io.liriliri.aya.Wire$Response$Builder: Wire$Response$Builder(com.google.protobuf.GeneratedMessageV3$BuilderParent,io.liriliri.aya.Wire$1)
fi.iki.elonen.NanoHTTPD: void makeSecure(javax.net.ssl.SSLServerSocketFactory,java.lang.String[])
com.google.protobuf.AbstractParser: com.google.protobuf.MessageLite parsePartialFrom(byte[])
io.liriliri.aya.Wire$Response: io.liriliri.aya.Wire$Response getDefaultInstance()
io.liriliri.aya.Wire$Request$Builder: com.google.protobuf.Message$Builder clear()
com.google.protobuf.GeneratedMessageV3: int computeStringSize(int,java.lang.Object)
com.google.protobuf.GeneratedMessageV3: void writeTo(com.google.protobuf.CodedOutputStream)
io.liriliri.aya.StorageStatsManager: StorageStatsManager(android.os.IInterface)
io.liriliri.aya.Wire$ResponseOrBuilder: java.lang.Object getField(com.google.protobuf.Descriptors$FieldDescriptor)
com.google.protobuf.AbstractMessage$Builder: com.google.protobuf.AbstractMessage$Builder mergeUnknownFields(com.google.protobuf.UnknownFieldSet)
com.google.protobuf.AbstractMessage$Builder: com.google.protobuf.MessageLite$Builder mergeFrom(com.google.protobuf.CodedInputStream)
io.liriliri.aya.Wire$RequestOrBuilder: java.lang.Object getField(com.google.protobuf.Descriptors$FieldDescriptor)