server/server/build/outputs/mapping/release/mapping.txt
# compiler: R8
# compiler_version: 4.0.52
# min_api: 23
# common_typos_disable
# {"id":"com.android.tools.r8.mapping","version":"2.1"}
# pg_map_id: 5865f84
# pg_map_hash: SHA-256 5865f84168654b722e0be260a680ad99c5069974a6457aeba53a6aba0269998e
...
com.google.protobuf.DescriptorProtos$MethodOptions$IdempotencyLevel -> com.google.protobuf.q$m$c:
    com.google.protobuf.DescriptorProtos$MethodOptions$IdempotencyLevel IDEMPOTENT -> d
    com.google.protobuf.DescriptorProtos$MethodOptions$IdempotencyLevel NO_SIDE_EFFECTS -> c
    com.google.protobuf.DescriptorProtos$MethodOptions$IdempotencyLevel IDEMPOTENCY_UNKNOWN -> b
    int value -> a
    com.google.protobuf.DescriptorProtos$MethodOptions$IdempotencyLevel[] $VALUES -> e
    int getNumber() -> a
    com.google.protobuf.DescriptorProtos$MethodOptions$IdempotencyLevel forNumber(int) -> d
com.google.protobuf.DescriptorProtos$OneofDescriptorProto -> com.google.protobuf.q$n:
    com.google.protobuf.DescriptorProtos$OneofOptions options_ -> c
    com.google.protobuf.Parser PARSER -> f
    java.lang.Object name_ -> b
    byte memoizedIsInitialized -> d
    com.google.protobuf.DescriptorProtos$OneofDescriptorProto DEFAULT_INSTANCE -> e
    int bitField0_ -> a
    java.lang.String getName() -> a
    5:7:com.google.protobuf.DescriptorProtos$OneofOptions com.google.protobuf.DescriptorProtos$OneofOptions.getDefaultInstance():0:0 -> b
    5:7:com.google.protobuf.DescriptorProtos$OneofOptions getOptions():0 -> b
    boolean hasOptions() -> c
    7:10:void com.google.protobuf.DescriptorProtos$OneofDescriptorProto$Builder.<init>(com.google.protobuf.DescriptorProtos$1):0:0 -> d
    7:10:com.google.protobuf.DescriptorProtos$OneofDescriptorProto$Builder toBuilder():0 -> d
    11:12:com.google.protobuf.DescriptorProtos$OneofDescriptorProto$Builder toBuilder():0:0 -> d
    13:15:void com.google.protobuf.DescriptorProtos$OneofDescriptorProto$Builder.<init>(com.google.protobuf.DescriptorProtos$1):0:0 -> d
    13:15:com.google.protobuf.DescriptorProtos$OneofDescriptorProto$Builder toBuilder():0 -> d
    16:19:com.google.protobuf.DescriptorProtos$OneofDescriptorProto$Builder toBuilder():0:0 -> d
    16:25:boolean hasName():0:0 -> equals
    16:25:boolean equals(java.lang.Object):0 -> equals
    26:44:boolean hasName():0:0 -> equals
com.google.protobuf.DescriptorProtos$OneofDescriptorProto$1 -> com.google.protobuf.q$n$a:
    1:6:com.google.protobuf.DescriptorProtos$OneofDescriptorProto$Builder com.google.protobuf.DescriptorProtos$OneofDescriptorProto.newBuilder():0:0 -> parsePartialFrom
    1:6:com.google.protobuf.DescriptorProtos$OneofDescriptorProto parsePartialFrom(com.google.protobuf.CodedInputStream,com.google.protobuf.ExtensionRegistryLite):0 -> parsePartialFrom
    1:6:java.lang.Object parsePartialFrom(com.google.protobuf.CodedInputStream,com.google.protobuf.ExtensionRegistryLite):0 -> parsePartialFrom
    7:38:com.google.protobuf.DescriptorProtos$OneofDescriptorProto parsePartialFrom(com.google.protobuf.CodedInputStream,com.google.protobuf.ExtensionRegistryLite):0:0 -> parsePartialFrom
    7:38:java.lang.Object parsePartialFrom(com.google.protobuf.CodedInputStream,com.google.protobuf.ExtensionRegistryLite):0 -> parsePartialFrom