server/server/build/outputs/mapping/release/usage.txt
kotlin.jvm.internal.ShortCompanionObject
kotlin.jvm.internal.ShortSpreadBuilder
kotlin.jvm.internal.SourceDebugExtension
kotlin.jvm.internal.SpreadBuilder
kotlin.jvm.internal.StringCompanionObject
kotlin.jvm.internal.TypeIntrinsics
kotlin.jvm.internal.TypeParameterReference$Companion$WhenMappings
kotlin.jvm.internal.TypeParameterReference$Companion
kotlin.jvm.internal.TypeParameterReference
kotlin.jvm.internal.TypeReference$Companion
kotlin.jvm.internal.TypeReference$WhenMappings
kotlin.jvm.internal.TypeReference
kotlin.jvm.internal.markers.KMappedMarker
kotlin.jvm.internal.markers.KMutableCollection
kotlin.jvm.internal.markers.KMutableIterable
kotlin.jvm.internal.markers.KMutableIterator
kotlin.jvm.internal.markers.KMutableList
kotlin.jvm.internal.markers.KMutableListIterator
kotlin.jvm.internal.markers.KMutableMap$Entry
kotlin.jvm.internal.markers.KMutableMap
kotlin.jvm.internal.markers.KMutableSet
kotlin.jvm.internal.unsafe.MonitorKt
kotlin.jvm.jdk8.JvmRepeatableKt
kotlin.jvm.optionals.OptionalsKt
kotlin.math.Constants
kotlin.math.MathKt
kotlin.math.MathKt__MathHKt
kotlin.math.MathKt__MathJVMKt
kotlin.math.UMathKt
kotlin.properties.Delegates$observable$1
kotlin.properties.Delegates$vetoable$1
kotlin.properties.Delegates
kotlin.properties.NotNullVar
kotlin.properties.ObservableProperty
kotlin.properties.PropertyDelegateProvider
kotlin.properties.ReadOnlyProperty
kotlin.properties.ReadWriteProperty
kotlin.random.AbstractPlatformRandom
kotlin.random.FallbackThreadLocalRandom$implStorage$1
kotlin.random.FallbackThreadLocalRandom
kotlin.random.KotlinRandom$Companion
kotlin.random.KotlinRandom
kotlin.random.PlatformRandom$Companion
kotlin.random.PlatformRandom
kotlin.random.PlatformRandomKt
kotlin.random.Random$Default$Serialized
kotlin.random.Random$Default
kotlin.random.Random
kotlin.random.RandomKt
kotlin.random.URandomKt
kotlin.random.XorWowRandom$Companion
kotlin.random.XorWowRandom
kotlin.random.jdk8.PlatformThreadLocalRandom
kotlin.ranges.CharProgression$Companion
kotlin.ranges.CharProgression
kotlin.ranges.CharProgressionIterator
kotlin.ranges.CharRange$Companion
kotlin.ranges.CharRange
kotlin.ranges.ClosedDoubleRange
kotlin.ranges.ClosedFloatRange
kotlin.ranges.ClosedFloatingPointRange$DefaultImpls
kotlin.ranges.ClosedFloatingPointRange
kotlin.ranges.ClosedRange$DefaultImpls
kotlin.ranges.ClosedRange
kotlin.ranges.ComparableOpenEndRange
kotlin.ranges.ComparableRange
kotlin.ranges.IntProgression$Companion:
    public final kotlin.ranges.IntProgression fromClosedRange(int,int,int)
kotlin.ranges.IntProgression:
    public boolean equals(java.lang.Object)
    public final int getStep()
    public int hashCode()
    public boolean isEmpty()
    public java.lang.String toString()
kotlin.ranges.IntProgressionIterator:
    public final int getStep()
kotlin.ranges.IntRange:
    public boolean contains(int)
    public synthetic bridge boolean contains(java.lang.Comparable)
    public synthetic bridge java.lang.Comparable getEndExclusive()
    public java.lang.Integer getEndExclusive()
    public static synthetic void getEndExclusive$annotations()
    public synthetic bridge java.lang.Comparable getEndInclusive()
    public java.lang.Integer getEndInclusive()
    public synthetic bridge java.lang.Comparable getStart()
kotlin.ranges.LongProgression$Companion
kotlin.ranges.LongProgression
kotlin.ranges.LongProgressionIterator
kotlin.ranges.LongRange$Companion
kotlin.ranges.LongRange
kotlin.ranges.OpenEndDoubleRange
kotlin.ranges.OpenEndFloatRange
kotlin.ranges.OpenEndRange$DefaultImpls
kotlin.ranges.OpenEndRange
kotlin.ranges.RangesKt:
    private void <init>()